Mensaje I / 00:00:00:000 / Root(00) para top(01)
Mensaje I / 00:00:00:000 / top(01) para ch(02)
Mensaje D / 00:00:00:000 / ch(02) / ... para top(01)
Mensaje D / 00:00:00:000 / top(01) / ... para Root(00)
Mensaje X / 00:00:10:000 / Root(00) / in1 /     25.00000 para top(01)
Mensaje X / 00:00:10:000 / top(01) / humiditysensor /     25.00000 para ch(02)
Mensaje D / 00:00:10:000 / ch(02) / ... para top(01)
Mensaje D / 00:00:10:000 / top(01) / ... para Root(00)
Mensaje X / 00:00:50:000 / Root(00) / in2 /     20.00000 para top(01)
Mensaje X / 00:00:50:000 / top(01) / humiditysetting /     20.00000 para ch(02)
Mensaje D / 00:00:50:000 / ch(02) / 00:00:05:000 para top(01)
Mensaje D / 00:00:50:000 / top(01) / 00:00:05:000 para Root(00)
Mensaje * / 00:00:55:000 / Root(00) para top(01)
Mensaje * / 00:00:55:000 / top(01) para ch(02)
Mensaje Y / 00:00:55:000 / ch(02) / humiddiff /      5.00000 para top(01)
Mensaje D / 00:00:55:000 / ch(02) / ... para top(01)
Mensaje Y / 00:00:55:000 / top(01) / humiddiff1 /      5.00000 para Root(00)
Mensaje D / 00:00:55:000 / top(01) / ... para Root(00)
Mensaje X / 00:01:00:000 / Root(00) / in1 /     38.00000 para top(01)
Mensaje X / 00:01:00:000 / top(01) / humiditysensor /     38.00000 para ch(02)
Mensaje D / 00:01:00:000 / ch(02) / 00:00:05:000 para top(01)
Mensaje D / 00:01:00:000 / top(01) / 00:00:05:000 para Root(00)
Mensaje * / 00:01:05:000 / Root(00) para top(01)
Mensaje * / 00:01:05:000 / top(01) para ch(02)
Mensaje Y / 00:01:05:000 / ch(02) / humiddiff /     18.00000 para top(01)
Mensaje D / 00:01:05:000 / ch(02) / ... para top(01)
Mensaje Y / 00:01:05:000 / top(01) / humiddiff1 /     18.00000 para Root(00)
Mensaje D / 00:01:05:000 / top(01) / ... para Root(00)
Mensaje X / 00:01:20:000 / Root(00) / in2 /     40.00000 para top(01)
Mensaje X / 00:01:20:000 / top(01) / humiditysetting /     40.00000 para ch(02)
Mensaje D / 00:01:20:000 / ch(02) / 00:00:05:000 para top(01)
Mensaje D / 00:01:20:000 / top(01) / 00:00:05:000 para Root(00)
Mensaje * / 00:01:25:000 / Root(00) para top(01)
Mensaje * / 00:01:25:000 / top(01) para ch(02)
Mensaje Y / 00:01:25:000 / ch(02) / humiddiff /     -2.00000 para top(01)
Mensaje D / 00:01:25:000 / ch(02) / ... para top(01)
Mensaje Y / 00:01:25:000 / top(01) / humiddiff1 /     -2.00000 para Root(00)
Mensaje D / 00:01:25:000 / top(01) / ... para Root(00)
Mensaje X / 00:01:50:000 / Root(00) / in1 /     45.00000 para top(01)
Mensaje X / 00:01:50:000 / top(01) / humiditysensor /     45.00000 para ch(02)
Mensaje D / 00:01:50:000 / ch(02) / 00:00:05:000 para top(01)
Mensaje D / 00:01:50:000 / top(01) / 00:00:05:000 para Root(00)
Mensaje * / 00:01:55:000 / Root(00) para top(01)
Mensaje * / 00:01:55:000 / top(01) para ch(02)
Mensaje Y / 00:01:55:000 / ch(02) / humiddiff /      5.00000 para top(01)
Mensaje D / 00:01:55:000 / ch(02) / ... para top(01)
Mensaje Y / 00:01:55:000 / top(01) / humiddiff1 /      5.00000 para Root(00)
Mensaje D / 00:01:55:000 / top(01) / ... para Root(00)
Mensaje X / 00:02:30:000 / Root(00) / in2 /     45.00000 para top(01)
Mensaje X / 00:02:30:000 / top(01) / humiditysetting /     45.00000 para ch(02)
Mensaje D / 00:02:30:000 / ch(02) / 00:00:05:000 para top(01)
Mensaje D / 00:02:30:000 / top(01) / 00:00:05:000 para Root(00)
Mensaje * / 00:02:35:000 / Root(00) para top(01)
Mensaje * / 00:02:35:000 / top(01) para ch(02)
Mensaje Y / 00:02:35:000 / ch(02) / humiddiff /      0.00000 para top(01)
Mensaje D / 00:02:35:000 / ch(02) / ... para top(01)
Mensaje Y / 00:02:35:000 / top(01) / humiddiff1 /      0.00000 para Root(00)
Mensaje D / 00:02:35:000 / top(01) / ... para Root(00)
