Mensaje I / 00:00:00:000 / Root(00) para top(01)
Mensaje I / 00:00:00:000 / top(01) para comparetemp(02)
Mensaje D / 00:00:00:000 / comparetemp(02) / ... para top(01)
Mensaje D / 00:00:00:000 / top(01) / ... para Root(00)
Mensaje X / 00:00:10:000 / Root(00) / in1 /     25.00000 para top(01)
Mensaje X / 00:00:10:000 / top(01) / tempsensor /     25.00000 para comparetemp(02)
Mensaje D / 00:00:10:000 / comparetemp(02) / ... para top(01)
Mensaje D / 00:00:10:000 / top(01) / ... para Root(00)
Mensaje X / 00:00:50:000 / Root(00) / in2 /     20.00000 para top(01)
Mensaje X / 00:00:50:000 / top(01) / tempsetting /     20.00000 para comparetemp(02)
Mensaje D / 00:00:50:000 / comparetemp(02) / 00:00:05:000 para top(01)
Mensaje D / 00:00:50:000 / top(01) / 00:00:05:000 para Root(00)
Mensaje * / 00:00:55:000 / Root(00) para top(01)
Mensaje * / 00:00:55:000 / top(01) para comparetemp(02)
Mensaje Y / 00:00:55:000 / comparetemp(02) / tempdiff /      5.00000 para top(01)
Mensaje D / 00:00:55:000 / comparetemp(02) / ... para top(01)
Mensaje Y / 00:00:55:000 / top(01) / tempdiff1 /      5.00000 para Root(00)
Mensaje D / 00:00:55:000 / top(01) / ... para Root(00)
Mensaje X / 00:01:00:000 / Root(00) / in1 /     38.00000 para top(01)
Mensaje X / 00:01:00:000 / top(01) / tempsensor /     38.00000 para comparetemp(02)
Mensaje D / 00:01:00:000 / comparetemp(02) / 00:00:05:000 para top(01)
Mensaje D / 00:01:00:000 / top(01) / 00:00:05:000 para Root(00)
Mensaje * / 00:01:05:000 / Root(00) para top(01)
Mensaje * / 00:01:05:000 / top(01) para comparetemp(02)
Mensaje Y / 00:01:05:000 / comparetemp(02) / tempdiff /     18.00000 para top(01)
Mensaje D / 00:01:05:000 / comparetemp(02) / ... para top(01)
Mensaje Y / 00:01:05:000 / top(01) / tempdiff1 /     18.00000 para Root(00)
Mensaje D / 00:01:05:000 / top(01) / ... para Root(00)
Mensaje X / 00:01:20:000 / Root(00) / in2 /     40.00000 para top(01)
Mensaje X / 00:01:20:000 / top(01) / tempsetting /     40.00000 para comparetemp(02)
Mensaje D / 00:01:20:000 / comparetemp(02) / 00:00:05:000 para top(01)
Mensaje D / 00:01:20:000 / top(01) / 00:00:05:000 para Root(00)
Mensaje * / 00:01:25:000 / Root(00) para top(01)
Mensaje * / 00:01:25:000 / top(01) para comparetemp(02)
Mensaje Y / 00:01:25:000 / comparetemp(02) / tempdiff /     -2.00000 para top(01)
Mensaje D / 00:01:25:000 / comparetemp(02) / ... para top(01)
Mensaje Y / 00:01:25:000 / top(01) / tempdiff1 /     -2.00000 para Root(00)
Mensaje D / 00:01:25:000 / top(01) / ... para Root(00)
Mensaje X / 00:01:50:000 / Root(00) / in1 /     45.00000 para top(01)
Mensaje X / 00:01:50:000 / top(01) / tempsensor /     45.00000 para comparetemp(02)
Mensaje D / 00:01:50:000 / comparetemp(02) / 00:00:05:000 para top(01)
Mensaje D / 00:01:50:000 / top(01) / 00:00:05:000 para Root(00)
Mensaje * / 00:01:55:000 / Root(00) para top(01)
Mensaje * / 00:01:55:000 / top(01) para comparetemp(02)
Mensaje Y / 00:01:55:000 / comparetemp(02) / tempdiff /      5.00000 para top(01)
Mensaje D / 00:01:55:000 / comparetemp(02) / ... para top(01)
Mensaje Y / 00:01:55:000 / top(01) / tempdiff1 /      5.00000 para Root(00)
Mensaje D / 00:01:55:000 / top(01) / ... para Root(00)
Mensaje X / 00:02:30:000 / Root(00) / in2 /     45.00000 para top(01)
Mensaje X / 00:02:30:000 / top(01) / tempsetting /     45.00000 para comparetemp(02)
Mensaje D / 00:02:30:000 / comparetemp(02) / 00:00:05:000 para top(01)
Mensaje D / 00:02:30:000 / top(01) / 00:00:05:000 para Root(00)
Mensaje * / 00:02:35:000 / Root(00) para top(01)
Mensaje * / 00:02:35:000 / top(01) para comparetemp(02)
Mensaje Y / 00:02:35:000 / comparetemp(02) / tempdiff /      0.00000 para top(01)
Mensaje D / 00:02:35:000 / comparetemp(02) / ... para top(01)
Mensaje Y / 00:02:35:000 / top(01) / tempdiff1 /      0.00000 para Root(00)
Mensaje D / 00:02:35:000 / top(01) / ... para Root(00)
