Mensaje I / 00:00:00:000 / Root(00) para top(01)
Mensaje I / 00:00:00:000 / top(01) para memory(02)
Mensaje D / 00:00:00:000 / memory(02) / ... para top(01)
Mensaje D / 00:00:00:000 / top(01) / ... para Root(00)
Mensaje X / 00:00:00:000 / Root(00) / tempin1 /     25.00000 para top(01)
Mensaje X / 00:00:00:000 / top(01) / tempin /     25.00000 para memory(02)
Mensaje D / 00:00:00:000 / memory(02) / 00:00:05:000 para top(01)
Mensaje D / 00:00:00:000 / top(01) / 00:00:05:000 para Root(00)
Mensaje * / 00:00:05:000 / Root(00) para top(01)
Mensaje * / 00:00:05:000 / top(01) para memory(02)
Mensaje Y / 00:00:05:000 / memory(02) / tempout /     25.00000 para top(01)
Mensaje Y / 00:00:05:000 / memory(02) / humidout /      0.00000 para top(01)
Mensaje D / 00:00:05:000 / memory(02) / ... para top(01)
Mensaje Y / 00:00:05:000 / top(01) / tempout1 /     25.00000 para Root(00)
Mensaje Y / 00:00:05:000 / top(01) / humidout1 /      0.00000 para Root(00)
Mensaje D / 00:00:05:000 / top(01) / ... para Root(00)
Mensaje X / 00:00:30:000 / Root(00) / humidin1 /     20.00000 para top(01)
Mensaje X / 00:00:30:000 / top(01) / humidin /     20.00000 para memory(02)
Mensaje D / 00:00:30:000 / memory(02) / 00:00:05:000 para top(01)
Mensaje D / 00:00:30:000 / top(01) / 00:00:05:000 para Root(00)
Mensaje * / 00:00:35:000 / Root(00) para top(01)
Mensaje * / 00:00:35:000 / top(01) para memory(02)
Mensaje Y / 00:00:35:000 / memory(02) / tempout /     25.00000 para top(01)
Mensaje Y / 00:00:35:000 / memory(02) / humidout /     20.00000 para top(01)
Mensaje D / 00:00:35:000 / memory(02) / ... para top(01)
Mensaje Y / 00:00:35:000 / top(01) / tempout1 /     25.00000 para Root(00)
Mensaje Y / 00:00:35:000 / top(01) / humidout1 /     20.00000 para Root(00)
Mensaje D / 00:00:35:000 / top(01) / ... para Root(00)
Mensaje X / 00:00:45:000 / Root(00) / tempin1 /     30.00000 para top(01)
Mensaje X / 00:00:45:000 / top(01) / tempin /     30.00000 para memory(02)
Mensaje D / 00:00:45:000 / memory(02) / 00:00:05:000 para top(01)
Mensaje D / 00:00:45:000 / top(01) / 00:00:05:000 para Root(00)
Mensaje * / 00:00:50:000 / Root(00) para top(01)
Mensaje * / 00:00:50:000 / top(01) para memory(02)
Mensaje Y / 00:00:50:000 / memory(02) / tempout /     30.00000 para top(01)
Mensaje Y / 00:00:50:000 / memory(02) / humidout /     20.00000 para top(01)
Mensaje D / 00:00:50:000 / memory(02) / ... para top(01)
Mensaje Y / 00:00:50:000 / top(01) / tempout1 /     30.00000 para Root(00)
Mensaje Y / 00:00:50:000 / top(01) / humidout1 /     20.00000 para Root(00)
Mensaje D / 00:00:50:000 / top(01) / ... para Root(00)
Mensaje X / 00:01:20:000 / Root(00) / humidin1 /     40.00000 para top(01)
Mensaje X / 00:01:20:000 / top(01) / humidin /     40.00000 para memory(02)
Mensaje D / 00:01:20:000 / memory(02) / 00:00:05:000 para top(01)
Mensaje D / 00:01:20:000 / top(01) / 00:00:05:000 para Root(00)
Mensaje * / 00:01:25:000 / Root(00) para top(01)
Mensaje * / 00:01:25:000 / top(01) para memory(02)
Mensaje Y / 00:01:25:000 / memory(02) / tempout /     30.00000 para top(01)
Mensaje Y / 00:01:25:000 / memory(02) / humidout /     40.00000 para top(01)
Mensaje D / 00:01:25:000 / memory(02) / ... para top(01)
Mensaje Y / 00:01:25:000 / top(01) / tempout1 /     30.00000 para Root(00)
Mensaje Y / 00:01:25:000 / top(01) / humidout1 /     40.00000 para Root(00)
Mensaje D / 00:01:25:000 / top(01) / ... para Root(00)
Mensaje X / 00:07:00:000 / Root(00) / humidin1 /     71.00000 para top(01)
Mensaje X / 00:07:00:000 / top(01) / humidin /     71.00000 para memory(02)
Mensaje D / 00:07:00:000 / memory(02) / 00:00:05:000 para top(01)
Mensaje D / 00:07:00:000 / top(01) / 00:00:05:000 para Root(00)
Mensaje * / 00:07:05:000 / Root(00) para top(01)
Mensaje * / 00:07:05:000 / top(01) para memory(02)
Mensaje Y / 00:07:05:000 / memory(02) / tempout /     30.00000 para top(01)
Mensaje Y / 00:07:05:000 / memory(02) / humidout /     71.00000 para top(01)
Mensaje D / 00:07:05:000 / memory(02) / ... para top(01)
Mensaje Y / 00:07:05:000 / top(01) / tempout1 /     30.00000 para Root(00)
Mensaje Y / 00:07:05:000 / top(01) / humidout1 /     71.00000 para Root(00)
Mensaje D / 00:07:05:000 / top(01) / ... para Root(00)
Mensaje X / 00:09:00:000 / Root(00) / tempin1 /     60.00000 para top(01)
Mensaje X / 00:09:00:000 / top(01) / tempin /     60.00000 para memory(02)
Mensaje D / 00:09:00:000 / memory(02) / 00:00:05:000 para top(01)
Mensaje D / 00:09:00:000 / top(01) / 00:00:05:000 para Root(00)
Mensaje * / 00:09:05:000 / Root(00) para top(01)
Mensaje * / 00:09:05:000 / top(01) para memory(02)
Mensaje Y / 00:09:05:000 / memory(02) / tempout /     60.00000 para top(01)
Mensaje Y / 00:09:05:000 / memory(02) / humidout /     71.00000 para top(01)
Mensaje D / 00:09:05:000 / memory(02) / ... para top(01)
Mensaje Y / 00:09:05:000 / top(01) / tempout1 /     60.00000 para Root(00)
Mensaje Y / 00:09:05:000 / top(01) / humidout1 /     71.00000 para Root(00)
Mensaje D / 00:09:05:000 / top(01) / ... para Root(00)
Mensaje X / 00:10:00:000 / Root(00) / humidin1 /     34.00000 para top(01)
Mensaje X / 00:10:00:000 / top(01) / humidin /     34.00000 para memory(02)
Mensaje D / 00:10:00:000 / memory(02) / 00:00:05:000 para top(01)
Mensaje D / 00:10:00:000 / top(01) / 00:00:05:000 para Root(00)
Mensaje * / 00:10:05:000 / Root(00) para top(01)
Mensaje * / 00:10:05:000 / top(01) para memory(02)
Mensaje Y / 00:10:05:000 / memory(02) / tempout /     60.00000 para top(01)
Mensaje Y / 00:10:05:000 / memory(02) / humidout /     34.00000 para top(01)
Mensaje D / 00:10:05:000 / memory(02) / ... para top(01)
Mensaje Y / 00:10:05:000 / top(01) / tempout1 /     60.00000 para Root(00)
Mensaje Y / 00:10:05:000 / top(01) / humidout1 /     34.00000 para Root(00)
Mensaje D / 00:10:05:000 / top(01) / ... para Root(00)
