Mensaje I / 00:00:00:000 / Root(00) para top(01)
Mensaje I / 00:00:00:000 / top(01) para processortwo(02)
Mensaje D / 00:00:00:000 / processortwo(02) / ... para top(01)
Mensaje D / 00:00:00:000 / top(01) / ... para Root(00)
Mensaje X / 00:00:10:000 / Root(00) / inp1 /      2.00000 para top(01)
Mensaje X / 00:00:10:000 / top(01) / tempdiff1 /      2.00000 para processortwo(02)
Mensaje D / 00:00:10:000 / processortwo(02) / 00:00:05:000 para top(01)
Mensaje D / 00:00:10:000 / top(01) / 00:00:05:000 para Root(00)
Mensaje * / 00:00:15:000 / Root(00) para top(01)
Mensaje * / 00:00:15:000 / top(01) para processortwo(02)
Mensaje Y / 00:00:15:000 / processortwo(02) / port1 /      1.00000 para top(01)
Mensaje Y / 00:00:15:000 / processortwo(02) / port2 /      2.00000 para top(01)
Mensaje D / 00:00:15:000 / processortwo(02) / ... para top(01)
Mensaje Y / 00:00:15:000 / top(01) / port1 /      1.00000 para Root(00)
Mensaje Y / 00:00:15:000 / top(01) / port2 /      2.00000 para Root(00)
Mensaje D / 00:00:15:000 / top(01) / ... para Root(00)
Mensaje X / 00:00:30:000 / Root(00) / inp2 /     -3.00000 para top(01)
Mensaje X / 00:00:30:000 / top(01) / humiddiff1 /     -3.00000 para processortwo(02)
Mensaje D / 00:00:30:000 / processortwo(02) / 00:00:05:000 para top(01)
Mensaje D / 00:00:30:000 / top(01) / 00:00:05:000 para Root(00)
Mensaje * / 00:00:35:000 / Root(00) para top(01)
Mensaje * / 00:00:35:000 / top(01) para processortwo(02)
Mensaje Y / 00:00:35:000 / processortwo(02) / port1 /      1.00000 para top(01)
Mensaje Y / 00:00:35:000 / processortwo(02) / port2 /      0.00000 para top(01)
Mensaje D / 00:00:35:000 / processortwo(02) / ... para top(01)
Mensaje Y / 00:00:35:000 / top(01) / port1 /      1.00000 para Root(00)
Mensaje Y / 00:00:35:000 / top(01) / port2 /      0.00000 para Root(00)
Mensaje D / 00:00:35:000 / top(01) / ... para Root(00)
Mensaje X / 00:00:50:000 / Root(00) / inp1 /     -2.00000 para top(01)
Mensaje X / 00:00:50:000 / top(01) / tempdiff1 /     -2.00000 para processortwo(02)
Mensaje D / 00:00:50:000 / processortwo(02) / 00:00:05:000 para top(01)
Mensaje D / 00:00:50:000 / top(01) / 00:00:05:000 para Root(00)
Mensaje * / 00:00:55:000 / Root(00) para top(01)
Mensaje * / 00:00:55:000 / top(01) para processortwo(02)
Mensaje Y / 00:00:55:000 / processortwo(02) / port1 /      0.00000 para top(01)
Mensaje Y / 00:00:55:000 / processortwo(02) / port2 /      0.00000 para top(01)
Mensaje D / 00:00:55:000 / processortwo(02) / ... para top(01)
Mensaje Y / 00:00:55:000 / top(01) / port1 /      0.00000 para Root(00)
Mensaje Y / 00:00:55:000 / top(01) / port2 /      0.00000 para Root(00)
Mensaje D / 00:00:55:000 / top(01) / ... para Root(00)
Mensaje X / 00:01:00:000 / Root(00) / inp2 /      3.00000 para top(01)
Mensaje X / 00:01:00:000 / top(01) / humiddiff1 /      3.00000 para processortwo(02)
Mensaje D / 00:01:00:000 / processortwo(02) / 00:00:05:000 para top(01)
Mensaje D / 00:01:00:000 / top(01) / 00:00:05:000 para Root(00)
Mensaje * / 00:01:05:000 / Root(00) para top(01)
Mensaje * / 00:01:05:000 / top(01) para processortwo(02)
Mensaje Y / 00:01:05:000 / processortwo(02) / port1 /      0.00000 para top(01)
Mensaje Y / 00:01:05:000 / processortwo(02) / port2 /      1.00000 para top(01)
Mensaje D / 00:01:05:000 / processortwo(02) / ... para top(01)
Mensaje Y / 00:01:05:000 / top(01) / port1 /      0.00000 para Root(00)
Mensaje Y / 00:01:05:000 / top(01) / port2 /      1.00000 para Root(00)
Mensaje D / 00:01:05:000 / top(01) / ... para Root(00)
Mensaje X / 00:01:30:000 / Root(00) / inp1 /      1.00000 para top(01)
Mensaje X / 00:01:30:000 / top(01) / tempdiff1 /      1.00000 para processortwo(02)
Mensaje D / 00:01:30:000 / processortwo(02) / 00:00:05:000 para top(01)
Mensaje D / 00:01:30:000 / top(01) / 00:00:05:000 para Root(00)
Mensaje * / 00:01:35:000 / Root(00) para top(01)
Mensaje * / 00:01:35:000 / top(01) para processortwo(02)
Mensaje Y / 00:01:35:000 / processortwo(02) / port1 /      1.00000 para top(01)
Mensaje Y / 00:01:35:000 / processortwo(02) / port2 /      1.00000 para top(01)
Mensaje D / 00:01:35:000 / processortwo(02) / ... para top(01)
Mensaje Y / 00:01:35:000 / top(01) / port1 /      1.00000 para Root(00)
Mensaje Y / 00:01:35:000 / top(01) / port2 /      1.00000 para Root(00)
Mensaje D / 00:01:35:000 / top(01) / ... para Root(00)
Mensaje X / 00:02:00:000 / Root(00) / inp2 /      1.00000 para top(01)
Mensaje X / 00:02:00:000 / top(01) / humiddiff1 /      1.00000 para processortwo(02)
Mensaje D / 00:02:00:000 / processortwo(02) / 00:00:05:000 para top(01)
Mensaje D / 00:02:00:000 / top(01) / 00:00:05:000 para Root(00)
Mensaje * / 00:02:05:000 / Root(00) para top(01)
Mensaje * / 00:02:05:000 / top(01) para processortwo(02)
Mensaje Y / 00:02:05:000 / processortwo(02) / port1 /      1.00000 para top(01)
Mensaje Y / 00:02:05:000 / processortwo(02) / port2 /      1.00000 para top(01)
Mensaje D / 00:02:05:000 / processortwo(02) / ... para top(01)
Mensaje Y / 00:02:05:000 / top(01) / port1 /      1.00000 para Root(00)
Mensaje Y / 00:02:05:000 / top(01) / port2 /      1.00000 para Root(00)
Mensaje D / 00:02:05:000 / top(01) / ... para Root(00)
