Mensaje I / 00:00:00:000 / Root(00) para top(01)
Mensaje I / 00:00:00:000 / top(01) para pone(02)
Mensaje D / 00:00:00:000 / pone(02) / ... para top(01)
Mensaje D / 00:00:00:000 / top(01) / ... para Root(00)
Mensaje X / 00:00:10:000 / Root(00) / seasonin1 /      2.00000 para top(01)
Mensaje X / 00:00:10:000 / top(01) / seasonin /      2.00000 para pone(02)
Mensaje D / 00:00:10:000 / pone(02) / 00:00:05:000 para top(01)
Mensaje D / 00:00:10:000 / top(01) / 00:00:05:000 para Root(00)
Mensaje * / 00:00:15:000 / Root(00) para top(01)
Mensaje * / 00:00:15:000 / top(01) para pone(02)
Mensaje Y / 00:00:15:000 / pone(02) / tempout /     25.00000 para top(01)
Mensaje Y / 00:00:15:000 / pone(02) / humidout /     50.00000 para top(01)
Mensaje D / 00:00:15:000 / pone(02) / ... para top(01)
Mensaje Y / 00:00:15:000 / top(01) / tempout1 /     25.00000 para Root(00)
Mensaje Y / 00:00:15:000 / top(01) / humidout1 /     50.00000 para Root(00)
Mensaje D / 00:00:15:000 / top(01) / ... para Root(00)
Mensaje X / 00:01:00:000 / Root(00) / timein1 /      8.00000 para top(01)
Mensaje X / 00:01:00:000 / top(01) / timein /      8.00000 para pone(02)
Mensaje D / 00:01:00:000 / pone(02) / 00:00:05:000 para top(01)
Mensaje D / 00:01:00:000 / top(01) / 00:00:05:000 para Root(00)
Mensaje * / 00:01:05:000 / Root(00) para top(01)
Mensaje * / 00:01:05:000 / top(01) para pone(02)
Mensaje Y / 00:01:05:000 / pone(02) / tempout /     20.00000 para top(01)
Mensaje Y / 00:01:05:000 / pone(02) / humidout /     51.00000 para top(01)
Mensaje D / 00:01:05:000 / pone(02) / ... para top(01)
Mensaje Y / 00:01:05:000 / top(01) / tempout1 /     20.00000 para Root(00)
Mensaje Y / 00:01:05:000 / top(01) / humidout1 /     51.00000 para Root(00)
Mensaje D / 00:01:05:000 / top(01) / ... para Root(00)
Mensaje X / 00:02:00:000 / Root(00) / peoplein1 /     20.00000 para top(01)
Mensaje X / 00:02:00:000 / top(01) / peoplein /     20.00000 para pone(02)
Mensaje D / 00:02:00:000 / pone(02) / 00:00:05:000 para top(01)
Mensaje D / 00:02:00:000 / top(01) / 00:00:05:000 para Root(00)
Mensaje * / 00:02:05:000 / Root(00) para top(01)
Mensaje * / 00:02:05:000 / top(01) para pone(02)
Mensaje Y / 00:02:05:000 / pone(02) / tempout /     19.00000 para top(01)
Mensaje Y / 00:02:05:000 / pone(02) / humidout /     53.00000 para top(01)
Mensaje D / 00:02:05:000 / pone(02) / ... para top(01)
Mensaje Y / 00:02:05:000 / top(01) / tempout1 /     19.00000 para Root(00)
Mensaje Y / 00:02:05:000 / top(01) / humidout1 /     53.00000 para Root(00)
Mensaje D / 00:02:05:000 / top(01) / ... para Root(00)
Mensaje X / 00:05:30:000 / Root(00) / timein1 /     17.00000 para top(01)
Mensaje X / 00:05:30:000 / top(01) / timein /     17.00000 para pone(02)
Mensaje D / 00:05:30:000 / pone(02) / 00:00:05:000 para top(01)
Mensaje D / 00:05:30:000 / top(01) / 00:00:05:000 para Root(00)
Mensaje * / 00:05:35:000 / Root(00) para top(01)
Mensaje * / 00:05:35:000 / top(01) para pone(02)
Mensaje Y / 00:05:35:000 / pone(02) / tempout /     21.00000 para top(01)
Mensaje Y / 00:05:35:000 / pone(02) / humidout /     52.00000 para top(01)
Mensaje D / 00:05:35:000 / pone(02) / ... para top(01)
Mensaje Y / 00:05:35:000 / top(01) / tempout1 /     21.00000 para Root(00)
Mensaje Y / 00:05:35:000 / top(01) / humidout1 /     52.00000 para Root(00)
Mensaje D / 00:05:35:000 / top(01) / ... para Root(00)
Mensaje X / 00:08:00:000 / Root(00) / peoplein1 /    150.00000 para top(01)
Mensaje X / 00:08:00:000 / top(01) / peoplein /    150.00000 para pone(02)
Mensaje D / 00:08:00:000 / pone(02) / 00:00:05:000 para top(01)
Mensaje D / 00:08:00:000 / top(01) / 00:00:05:000 para Root(00)
Mensaje * / 00:08:05:000 / Root(00) para top(01)
Mensaje * / 00:08:05:000 / top(01) para pone(02)
Mensaje Y / 00:08:05:000 / pone(02) / tempout /     19.00000 para top(01)
Mensaje Y / 00:08:05:000 / pone(02) / humidout /     57.00000 para top(01)
Mensaje D / 00:08:05:000 / pone(02) / ... para top(01)
Mensaje Y / 00:08:05:000 / top(01) / tempout1 /     19.00000 para Root(00)
Mensaje Y / 00:08:05:000 / top(01) / humidout1 /     57.00000 para Root(00)
Mensaje D / 00:08:05:000 / top(01) / ... para Root(00)
