Mensaje I / 00:00:00:000 / Root(00) para top(01)
Mensaje I / 00:00:00:000 / top(01) para tc(02)
Mensaje I / 00:00:00:000 / top(01) para po(08)
Mensaje I / 00:00:00:000 / tc(02) para sc(03)
Mensaje I / 00:00:00:000 / tc(02) para memory(07)
Mensaje D / 00:00:00:000 / po(08) / ... para top(01)
Mensaje I / 00:00:00:000 / sc(03) para ct(04)
Mensaje I / 00:00:00:000 / sc(03) para pt(05)
Mensaje I / 00:00:00:000 / sc(03) para ch(06)
Mensaje D / 00:00:00:000 / memory(07) / ... para tc(02)
Mensaje D / 00:00:00:000 / ct(04) / ... para sc(03)
Mensaje D / 00:00:00:000 / pt(05) / ... para sc(03)
Mensaje D / 00:00:00:000 / ch(06) / ... para sc(03)
Mensaje D / 00:00:00:000 / sc(03) / ... para tc(02)
Mensaje D / 00:00:00:000 / tc(02) / ... para top(01)
Mensaje D / 00:00:00:000 / top(01) / ... para Root(00)
Mensaje X / 00:00:10:000 / Root(00) / season /      3.00000 para top(01)
Mensaje X / 00:00:10:000 / top(01) / seasonin /      3.00000 para po(08)
Mensaje D / 00:00:10:000 / po(08) / 00:00:03:000 para top(01)
Mensaje D / 00:00:10:000 / top(01) / 00:00:03:000 para Root(00)
Mensaje * / 00:00:13:000 / Root(00) para top(01)
Mensaje * / 00:00:13:000 / top(01) para po(08)
Mensaje Y / 00:00:13:000 / po(08) / tempout /     26.00000 para top(01)
Mensaje Y / 00:00:13:000 / po(08) / humidout /     50.00000 para top(01)
Mensaje D / 00:00:13:000 / po(08) / ... para top(01)
Mensaje X / 00:00:13:000 / top(01) / tempin1 /     26.00000 para tc(02)
Mensaje X / 00:00:13:000 / top(01) / humidin1 /     50.00000 para tc(02)
Mensaje X / 00:00:13:000 / tc(02) / tempin /     26.00000 para memory(07)
Mensaje X / 00:00:13:000 / tc(02) / humidin /     50.00000 para memory(07)
Mensaje D / 00:00:13:000 / memory(07) / 00:00:03:000 para tc(02)
Mensaje D / 00:00:13:000 / memory(07) / 00:00:03:000 para tc(02)
Mensaje D / 00:00:13:000 / tc(02) / 00:00:03:000 para top(01)
Mensaje D / 00:00:13:000 / tc(02) / 00:00:03:000 para top(01)
Mensaje D / 00:00:13:000 / top(01) / 00:00:03:000 para Root(00)
Mensaje * / 00:00:16:000 / Root(00) para top(01)
Mensaje * / 00:00:16:000 / top(01) para tc(02)
Mensaje * / 00:00:16:000 / tc(02) para memory(07)
Mensaje Y / 00:00:16:000 / memory(07) / tempout /     26.00000 para tc(02)
Mensaje Y / 00:00:16:000 / memory(07) / humidout /     50.00000 para tc(02)
Mensaje D / 00:00:16:000 / memory(07) / ... para tc(02)
Mensaje X / 00:00:16:000 / tc(02) / in2 /     26.00000 para sc(03)
Mensaje X / 00:00:16:000 / tc(02) / in3 /     50.00000 para sc(03)
Mensaje X / 00:00:16:000 / sc(03) / tempsetting /     26.00000 para ct(04)
Mensaje X / 00:00:16:000 / sc(03) / humiditysetting /     50.00000 para ch(06)
Mensaje D / 00:00:16:000 / ct(04) / ... para sc(03)
Mensaje D / 00:00:16:000 / ch(06) / ... para sc(03)
Mensaje D / 00:00:16:000 / sc(03) / ... para tc(02)
Mensaje D / 00:00:16:000 / sc(03) / ... para tc(02)
Mensaje D / 00:00:16:000 / tc(02) / ... para top(01)
Mensaje D / 00:00:16:000 / top(01) / ... para Root(00)
Mensaje X / 00:00:50:000 / Root(00) / time /     17.00000 para top(01)
Mensaje X / 00:00:50:000 / top(01) / timein /     17.00000 para po(08)
Mensaje D / 00:00:50:000 / po(08) / 00:00:03:000 para top(01)
Mensaje D / 00:00:50:000 / top(01) / 00:00:03:000 para Root(00)
Mensaje * / 00:00:53:000 / Root(00) para top(01)
Mensaje * / 00:00:53:000 / top(01) para po(08)
Mensaje Y / 00:00:53:000 / po(08) / tempout /     27.00000 para top(01)
Mensaje Y / 00:00:53:000 / po(08) / humidout /     61.00000 para top(01)
Mensaje D / 00:00:53:000 / po(08) / ... para top(01)
Mensaje X / 00:00:53:000 / top(01) / tempin1 /     27.00000 para tc(02)
Mensaje X / 00:00:53:000 / top(01) / humidin1 /     61.00000 para tc(02)
Mensaje X / 00:00:53:000 / tc(02) / tempin /     27.00000 para memory(07)
Mensaje X / 00:00:53:000 / tc(02) / humidin /     61.00000 para memory(07)
Mensaje D / 00:00:53:000 / memory(07) / 00:00:03:000 para tc(02)
Mensaje D / 00:00:53:000 / memory(07) / 00:00:03:000 para tc(02)
Mensaje D / 00:00:53:000 / tc(02) / 00:00:03:000 para top(01)
Mensaje D / 00:00:53:000 / tc(02) / 00:00:03:000 para top(01)
Mensaje D / 00:00:53:000 / top(01) / 00:00:03:000 para Root(00)
Mensaje * / 00:00:56:000 / Root(00) para top(01)
Mensaje * / 00:00:56:000 / top(01) para tc(02)
Mensaje * / 00:00:56:000 / tc(02) para memory(07)
Mensaje Y / 00:00:56:000 / memory(07) / tempout /     27.00000 para tc(02)
Mensaje Y / 00:00:56:000 / memory(07) / humidout /     50.00000 para tc(02)
Mensaje D / 00:00:56:000 / memory(07) / ... para tc(02)
Mensaje X / 00:00:56:000 / tc(02) / in2 /     27.00000 para sc(03)
Mensaje X / 00:00:56:000 / tc(02) / in3 /     50.00000 para sc(03)
Mensaje X / 00:00:56:000 / sc(03) / tempsetting /     27.00000 para ct(04)
Mensaje X / 00:00:56:000 / sc(03) / humiditysetting /     50.00000 para ch(06)
Mensaje D / 00:00:56:000 / ct(04) / ... para sc(03)
Mensaje D / 00:00:56:000 / ch(06) / ... para sc(03)
Mensaje D / 00:00:56:000 / sc(03) / ... para tc(02)
Mensaje D / 00:00:56:000 / sc(03) / ... para tc(02)
Mensaje D / 00:00:56:000 / tc(02) / ... para top(01)
Mensaje D / 00:00:56:000 / top(01) / ... para Root(00)
Mensaje X / 00:01:10:000 / Root(00) / people /    101.00000 para top(01)
Mensaje X / 00:01:10:000 / top(01) / peoplein /    101.00000 para po(08)
Mensaje D / 00:01:10:000 / po(08) / 00:00:03:000 para top(01)
Mensaje D / 00:01:10:000 / top(01) / 00:00:03:000 para Root(00)
Mensaje * / 00:01:13:000 / Root(00) para top(01)
Mensaje * / 00:01:13:000 / top(01) para po(08)
Mensaje Y / 00:01:13:000 / po(08) / tempout /     24.00000 para top(01)
Mensaje Y / 00:01:13:000 / po(08) / humidout /     57.00000 para top(01)
Mensaje D / 00:01:13:000 / po(08) / ... para top(01)
Mensaje X / 00:01:13:000 / top(01) / tempin1 /     24.00000 para tc(02)
Mensaje X / 00:01:13:000 / top(01) / humidin1 /     57.00000 para tc(02)
Mensaje X / 00:01:13:000 / tc(02) / tempin /     24.00000 para memory(07)
Mensaje X / 00:01:13:000 / tc(02) / humidin /     57.00000 para memory(07)
Mensaje D / 00:01:13:000 / memory(07) / 00:00:03:000 para tc(02)
Mensaje D / 00:01:13:000 / memory(07) / 00:00:03:000 para tc(02)
Mensaje D / 00:01:13:000 / tc(02) / 00:00:03:000 para top(01)
Mensaje D / 00:01:13:000 / tc(02) / 00:00:03:000 para top(01)
Mensaje D / 00:01:13:000 / top(01) / 00:00:03:000 para Root(00)
Mensaje * / 00:01:16:000 / Root(00) para top(01)
Mensaje * / 00:01:16:000 / top(01) para tc(02)
Mensaje * / 00:01:16:000 / tc(02) para memory(07)
Mensaje Y / 00:01:16:000 / memory(07) / tempout /     24.00000 para tc(02)
Mensaje Y / 00:01:16:000 / memory(07) / humidout /     50.00000 para tc(02)
Mensaje D / 00:01:16:000 / memory(07) / ... para tc(02)
Mensaje X / 00:01:16:000 / tc(02) / in2 /     24.00000 para sc(03)
Mensaje X / 00:01:16:000 / tc(02) / in3 /     50.00000 para sc(03)
Mensaje X / 00:01:16:000 / sc(03) / tempsetting /     24.00000 para ct(04)
Mensaje X / 00:01:16:000 / sc(03) / humiditysetting /     50.00000 para ch(06)
Mensaje D / 00:01:16:000 / ct(04) / ... para sc(03)
Mensaje D / 00:01:16:000 / ch(06) / ... para sc(03)
Mensaje D / 00:01:16:000 / sc(03) / ... para tc(02)
Mensaje D / 00:01:16:000 / sc(03) / ... para tc(02)
Mensaje D / 00:01:16:000 / tc(02) / ... para top(01)
Mensaje D / 00:01:16:000 / top(01) / ... para Root(00)
Mensaje X / 00:02:50:000 / Root(00) / tsensor2 /     30.00000 para top(01)
Mensaje X / 00:02:50:000 / top(01) / tsensor1 /     30.00000 para tc(02)
Mensaje X / 00:02:50:000 / tc(02) / in1 /     30.00000 para sc(03)
Mensaje X / 00:02:50:000 / sc(03) / tempsensor /     30.00000 para ct(04)
Mensaje D / 00:02:50:000 / ct(04) / 00:00:03:000 para sc(03)
Mensaje D / 00:02:50:000 / sc(03) / 00:00:03:000 para tc(02)
Mensaje D / 00:02:50:000 / tc(02) / 00:00:03:000 para top(01)
Mensaje D / 00:02:50:000 / top(01) / 00:00:03:000 para Root(00)
Mensaje * / 00:02:53:000 / Root(00) para top(01)
Mensaje * / 00:02:53:000 / top(01) para tc(02)
Mensaje * / 00:02:53:000 / tc(02) para sc(03)
Mensaje * / 00:02:53:000 / sc(03) para ct(04)
Mensaje Y / 00:02:53:000 / ct(04) / tempdiff /      6.00000 para sc(03)
Mensaje D / 00:02:53:000 / ct(04) / ... para sc(03)
Mensaje X / 00:02:53:000 / sc(03) / tempdiff1 /      6.00000 para pt(05)
Mensaje D / 00:02:53:000 / pt(05) / 00:00:03:000 para sc(03)
Mensaje D / 00:02:53:000 / sc(03) / 00:00:03:000 para tc(02)
Mensaje D / 00:02:53:000 / tc(02) / 00:00:03:000 para top(01)
Mensaje D / 00:02:53:000 / top(01) / 00:00:03:000 para Root(00)
Mensaje * / 00:02:56:000 / Root(00) para top(01)
Mensaje * / 00:02:56:000 / top(01) para tc(02)
Mensaje * / 00:02:56:000 / tc(02) para sc(03)
Mensaje * / 00:02:56:000 / sc(03) para pt(05)
Mensaje Y / 00:02:56:000 / pt(05) / port1 /      1.00000 para sc(03)
Mensaje Y / 00:02:56:000 / pt(05) / port2 /      2.00000 para sc(03)
Mensaje D / 00:02:56:000 / pt(05) / ... para sc(03)
Mensaje Y / 00:02:56:000 / sc(03) / sport1 /      1.00000 para tc(02)
Mensaje Y / 00:02:56:000 / sc(03) / sport2 /      2.00000 para tc(02)
Mensaje D / 00:02:56:000 / sc(03) / ... para tc(02)
Mensaje Y / 00:02:56:000 / tc(02) / tport1 /      1.00000 para top(01)
Mensaje Y / 00:02:56:000 / tc(02) / tport2 /      2.00000 para top(01)
Mensaje D / 00:02:56:000 / tc(02) / ... para top(01)
Mensaje Y / 00:02:56:000 / top(01) / condheat /      1.00000 para Root(00)
Mensaje Y / 00:02:56:000 / top(01) / humidd /      2.00000 para Root(00)
Mensaje D / 00:02:56:000 / top(01) / ... para Root(00)
Mensaje X / 00:04:10:000 / Root(00) / hsensor2 /     59.00000 para top(01)
Mensaje X / 00:04:10:000 / top(01) / hsensor1 /     59.00000 para tc(02)
Mensaje X / 00:04:10:000 / tc(02) / in4 /     59.00000 para sc(03)
Mensaje X / 00:04:10:000 / sc(03) / humiditysensor /     59.00000 para ch(06)
Mensaje D / 00:04:10:000 / ch(06) / 00:00:03:000 para sc(03)
Mensaje D / 00:04:10:000 / sc(03) / 00:00:03:000 para tc(02)
Mensaje D / 00:04:10:000 / tc(02) / 00:00:03:000 para top(01)
Mensaje D / 00:04:10:000 / top(01) / 00:00:03:000 para Root(00)
Mensaje * / 00:04:13:000 / Root(00) para top(01)
Mensaje * / 00:04:13:000 / top(01) para tc(02)
Mensaje * / 00:04:13:000 / tc(02) para sc(03)
Mensaje * / 00:04:13:000 / sc(03) para ch(06)
Mensaje Y / 00:04:13:000 / ch(06) / humiddiff /      9.00000 para sc(03)
Mensaje D / 00:04:13:000 / ch(06) / ... para sc(03)
Mensaje X / 00:04:13:000 / sc(03) / humiddiff1 /      9.00000 para pt(05)
Mensaje D / 00:04:13:000 / pt(05) / 00:00:03:000 para sc(03)
Mensaje D / 00:04:13:000 / sc(03) / 00:00:03:000 para tc(02)
Mensaje D / 00:04:13:000 / tc(02) / 00:00:03:000 para top(01)
Mensaje D / 00:04:13:000 / top(01) / 00:00:03:000 para Root(00)
Mensaje * / 00:04:16:000 / Root(00) para top(01)
Mensaje * / 00:04:16:000 / top(01) para tc(02)
Mensaje * / 00:04:16:000 / tc(02) para sc(03)
Mensaje * / 00:04:16:000 / sc(03) para pt(05)
Mensaje Y / 00:04:16:000 / pt(05) / port1 /      1.00000 para sc(03)
Mensaje Y / 00:04:16:000 / pt(05) / port2 /      1.00000 para sc(03)
Mensaje D / 00:04:16:000 / pt(05) / ... para sc(03)
Mensaje Y / 00:04:16:000 / sc(03) / sport1 /      1.00000 para tc(02)
Mensaje Y / 00:04:16:000 / sc(03) / sport2 /      1.00000 para tc(02)
Mensaje D / 00:04:16:000 / sc(03) / ... para tc(02)
Mensaje Y / 00:04:16:000 / tc(02) / tport1 /      1.00000 para top(01)
Mensaje Y / 00:04:16:000 / tc(02) / tport2 /      1.00000 para top(01)
Mensaje D / 00:04:16:000 / tc(02) / ... para top(01)
Mensaje Y / 00:04:16:000 / top(01) / condheat /      1.00000 para Root(00)
Mensaje Y / 00:04:16:000 / top(01) / humidd /      1.00000 para Root(00)
Mensaje D / 00:04:16:000 / top(01) / ... para Root(00)
