Mensaje I / 00:00:00:000 / Root(00) para top(01)
Mensaje I / 00:00:00:000 / top(01) para ct(02)
Mensaje I / 00:00:00:000 / top(01) para pp(03)
Mensaje I / 00:00:00:000 / top(01) para ch(04)
Mensaje D / 00:00:00:000 / ct(02) / ... para top(01)
Mensaje D / 00:00:00:000 / pp(03) / ... para top(01)
Mensaje D / 00:00:00:000 / ch(04) / ... para top(01)
Mensaje D / 00:00:00:000 / top(01) / ... para Root(00)
Mensaje X / 00:00:10:000 / Root(00) / in1 /     23.00000 para top(01)
Mensaje X / 00:00:10:000 / top(01) / tempsensor /     23.00000 para ct(02)
Mensaje D / 00:00:10:000 / ct(02) / ... para top(01)
Mensaje D / 00:00:10:000 / top(01) / ... para Root(00)
Mensaje X / 00:00:50:000 / Root(00) / in2 /     25.00000 para top(01)
Mensaje X / 00:00:50:000 / top(01) / tempsetting /     25.00000 para ct(02)
Mensaje D / 00:00:50:000 / ct(02) / 00:00:03:000 para top(01)
Mensaje D / 00:00:50:000 / top(01) / 00:00:03:000 para Root(00)
Mensaje * / 00:00:53:000 / Root(00) para top(01)
Mensaje * / 00:00:53:000 / top(01) para ct(02)
Mensaje Y / 00:00:53:000 / ct(02) / tempdiff /     -2.00000 para top(01)
Mensaje D / 00:00:53:000 / ct(02) / ... para top(01)
Mensaje X / 00:00:53:000 / top(01) / tempdiff1 /     -2.00000 para pp(03)
Mensaje D / 00:00:53:000 / pp(03) / 00:00:10:000 para top(01)
Mensaje D / 00:00:53:000 / top(01) / 00:00:10:000 para Root(00)
Mensaje X / 00:01:00:000 / Root(00) / in3 /     55.00000 para top(01)
Mensaje X / 00:01:00:000 / top(01) / humiditysetting /     55.00000 para ch(04)
Mensaje D / 00:01:00:000 / ch(04) / ... para top(01)
Mensaje D / 00:01:00:000 / top(01) / 00:00:03:000 para Root(00)
Mensaje * / 00:01:03:000 / Root(00) para top(01)
Mensaje * / 00:01:03:000 / top(01) para pp(03)
Mensaje Y / 00:01:03:000 / pp(03) / port1 /      0.00000 para top(01)
Mensaje Y / 00:01:03:000 / pp(03) / port2 /      2.00000 para top(01)
Mensaje D / 00:01:03:000 / pp(03) / ... para top(01)
Mensaje Y / 00:01:03:000 / top(01) / sport1 /      0.00000 para Root(00)
Mensaje Y / 00:01:03:000 / top(01) / sport2 /      2.00000 para Root(00)
Mensaje D / 00:01:03:000 / top(01) / ... para Root(00)
Mensaje X / 00:02:50:000 / Root(00) / in4 /     25.00000 para top(01)
Mensaje X / 00:02:50:000 / top(01) / humiditysensor /     25.00000 para ch(04)
Mensaje D / 00:02:50:000 / ch(04) / 00:00:06:000 para top(01)
Mensaje D / 00:02:50:000 / top(01) / 00:00:06:000 para Root(00)
Mensaje * / 00:02:56:000 / Root(00) para top(01)
Mensaje * / 00:02:56:000 / top(01) para ch(04)
Mensaje Y / 00:02:56:000 / ch(04) / humiddiff /    -30.00000 para top(01)
Mensaje D / 00:02:56:000 / ch(04) / ... para top(01)
Mensaje X / 00:02:56:000 / top(01) / humiddiff1 /    -30.00000 para pp(03)
Mensaje D / 00:02:56:000 / pp(03) / 00:00:10:000 para top(01)
Mensaje D / 00:02:56:000 / top(01) / 00:00:10:000 para Root(00)
Mensaje * / 00:03:06:000 / Root(00) para top(01)
Mensaje * / 00:03:06:000 / top(01) para pp(03)
Mensaje Y / 00:03:06:000 / pp(03) / port1 /      0.00000 para top(01)
Mensaje Y / 00:03:06:000 / pp(03) / port2 /      0.00000 para top(01)
Mensaje D / 00:03:06:000 / pp(03) / ... para top(01)
Mensaje Y / 00:03:06:000 / top(01) / sport1 /      0.00000 para Root(00)
Mensaje Y / 00:03:06:000 / top(01) / sport2 /      0.00000 para Root(00)
Mensaje D / 00:03:06:000 / top(01) / ... para Root(00)
Mensaje X / 00:04:10:000 / Root(00) / in1 /     59.00000 para top(01)
Mensaje X / 00:04:10:000 / top(01) / tempsensor /     59.00000 para ct(02)
Mensaje D / 00:04:10:000 / ct(02) / 00:00:03:000 para top(01)
Mensaje D / 00:04:10:000 / top(01) / 00:00:03:000 para Root(00)
Mensaje * / 00:04:13:000 / Root(00) para top(01)
Mensaje * / 00:04:13:000 / top(01) para ct(02)
Mensaje Y / 00:04:13:000 / ct(02) / tempdiff /     34.00000 para top(01)
Mensaje D / 00:04:13:000 / ct(02) / ... para top(01)
Mensaje X / 00:04:13:000 / top(01) / tempdiff1 /     34.00000 para pp(03)
Mensaje D / 00:04:13:000 / pp(03) / 00:00:10:000 para top(01)
Mensaje D / 00:04:13:000 / top(01) / 00:00:10:000 para Root(00)
Mensaje * / 00:04:23:000 / Root(00) para top(01)
Mensaje * / 00:04:23:000 / top(01) para pp(03)
Mensaje Y / 00:04:23:000 / pp(03) / port1 /      1.00000 para top(01)
Mensaje Y / 00:04:23:000 / pp(03) / port2 /      0.00000 para top(01)
Mensaje D / 00:04:23:000 / pp(03) / ... para top(01)
Mensaje Y / 00:04:23:000 / top(01) / sport1 /      1.00000 para Root(00)
Mensaje Y / 00:04:23:000 / top(01) / sport2 /      0.00000 para Root(00)
Mensaje D / 00:04:23:000 / top(01) / ... para Root(00)
Mensaje X / 00:07:50:000 / Root(00) / in2 /     29.00000 para top(01)
Mensaje X / 00:07:50:000 / top(01) / tempsetting /     29.00000 para ct(02)
Mensaje D / 00:07:50:000 / ct(02) / 00:00:03:000 para top(01)
Mensaje D / 00:07:50:000 / top(01) / 00:00:03:000 para Root(00)
Mensaje * / 00:07:53:000 / Root(00) para top(01)
Mensaje * / 00:07:53:000 / top(01) para ct(02)
Mensaje Y / 00:07:53:000 / ct(02) / tempdiff /     30.00000 para top(01)
Mensaje D / 00:07:53:000 / ct(02) / ... para top(01)
Mensaje X / 00:07:53:000 / top(01) / tempdiff1 /     30.00000 para pp(03)
Mensaje D / 00:07:53:000 / pp(03) / 00:00:10:000 para top(01)
Mensaje D / 00:07:53:000 / top(01) / 00:00:10:000 para Root(00)
Mensaje * / 00:08:03:000 / Root(00) para top(01)
Mensaje * / 00:08:03:000 / top(01) para pp(03)
Mensaje Y / 00:08:03:000 / pp(03) / port1 /      1.00000 para top(01)
Mensaje Y / 00:08:03:000 / pp(03) / port2 /      0.00000 para top(01)
Mensaje D / 00:08:03:000 / pp(03) / ... para top(01)
Mensaje Y / 00:08:03:000 / top(01) / sport1 /      1.00000 para Root(00)
Mensaje Y / 00:08:03:000 / top(01) / sport2 /      0.00000 para Root(00)
Mensaje D / 00:08:03:000 / top(01) / ... para Root(00)
Mensaje X / 00:09:00:000 / Root(00) / in3 /     13.00000 para top(01)
Mensaje X / 00:09:00:000 / top(01) / humiditysetting /     13.00000 para ch(04)
Mensaje D / 00:09:00:000 / ch(04) / 00:00:06:000 para top(01)
Mensaje D / 00:09:00:000 / top(01) / 00:00:06:000 para Root(00)
Mensaje * / 00:09:06:000 / Root(00) para top(01)
Mensaje * / 00:09:06:000 / top(01) para ch(04)
Mensaje Y / 00:09:06:000 / ch(04) / humiddiff /     12.00000 para top(01)
Mensaje D / 00:09:06:000 / ch(04) / ... para top(01)
Mensaje X / 00:09:06:000 / top(01) / humiddiff1 /     12.00000 para pp(03)
Mensaje D / 00:09:06:000 / pp(03) / 00:00:10:000 para top(01)
Mensaje D / 00:09:06:000 / top(01) / 00:00:10:000 para Root(00)
Mensaje * / 00:09:16:000 / Root(00) para top(01)
Mensaje * / 00:09:16:000 / top(01) para pp(03)
Mensaje Y / 00:09:16:000 / pp(03) / port1 /      1.00000 para top(01)
Mensaje Y / 00:09:16:000 / pp(03) / port2 /      1.00000 para top(01)
Mensaje D / 00:09:16:000 / pp(03) / ... para top(01)
Mensaje Y / 00:09:16:000 / top(01) / sport1 /      1.00000 para Root(00)
Mensaje Y / 00:09:16:000 / top(01) / sport2 /      1.00000 para Root(00)
Mensaje D / 00:09:16:000 / top(01) / ... para Root(00)
Mensaje X / 00:12:50:000 / Root(00) / in4 /     33.00000 para top(01)
Mensaje X / 00:12:50:000 / top(01) / humiditysensor /     33.00000 para ch(04)
Mensaje D / 00:12:50:000 / ch(04) / 00:00:06:000 para top(01)
Mensaje D / 00:12:50:000 / top(01) / 00:00:06:000 para Root(00)
Mensaje * / 00:12:56:000 / Root(00) para top(01)
Mensaje * / 00:12:56:000 / top(01) para ch(04)
Mensaje Y / 00:12:56:000 / ch(04) / humiddiff /     20.00000 para top(01)
Mensaje D / 00:12:56:000 / ch(04) / ... para top(01)
Mensaje X / 00:12:56:000 / top(01) / humiddiff1 /     20.00000 para pp(03)
Mensaje D / 00:12:56:000 / pp(03) / 00:00:10:000 para top(01)
Mensaje D / 00:12:56:000 / top(01) / 00:00:10:000 para Root(00)
Mensaje * / 00:13:06:000 / Root(00) para top(01)
Mensaje * / 00:13:06:000 / top(01) para pp(03)
Mensaje Y / 00:13:06:000 / pp(03) / port1 /      1.00000 para top(01)
Mensaje Y / 00:13:06:000 / pp(03) / port2 /      1.00000 para top(01)
Mensaje D / 00:13:06:000 / pp(03) / ... para top(01)
Mensaje Y / 00:13:06:000 / top(01) / sport1 /      1.00000 para Root(00)
Mensaje Y / 00:13:06:000 / top(01) / sport2 /      1.00000 para Root(00)
Mensaje D / 00:13:06:000 / top(01) / ... para Root(00)
