Mensaje I / 00:00:00:000 / Root(00) para top(01)
Mensaje I / 00:00:00:000 / top(01) para sc(02)
Mensaje I / 00:00:00:000 / top(01) para memory(06)
Mensaje I / 00:00:00:000 / sc(02) para ct(03)
Mensaje I / 00:00:00:000 / sc(02) para pp(04)
Mensaje I / 00:00:00:000 / sc(02) para ch(05)
Mensaje D / 00:00:00:000 / memory(06) / ... para top(01)
Mensaje D / 00:00:00:000 / ct(03) / ... para sc(02)
Mensaje D / 00:00:00:000 / pp(04) / ... para sc(02)
Mensaje D / 00:00:00:000 / ch(05) / ... para sc(02)
Mensaje D / 00:00:00:000 / sc(02) / ... para top(01)
Mensaje D / 00:00:00:000 / top(01) / ... para Root(00)
Mensaje X / 00:00:10:000 / Root(00) / tsensor /     23.00000 para top(01)
Mensaje X / 00:00:10:000 / top(01) / in1 /     23.00000 para sc(02)
Mensaje X / 00:00:10:000 / sc(02) / tempsensor /     23.00000 para ct(03)
Mensaje D / 00:00:10:000 / ct(03) / ... para sc(02)
Mensaje D / 00:00:10:000 / sc(02) / ... para top(01)
Mensaje D / 00:00:10:000 / top(01) / ... para Root(00)
Mensaje X / 00:00:20:000 / Root(00) / tempin1 /     25.00000 para top(01)
Mensaje X / 00:00:20:000 / top(01) / tempin /     25.00000 para memory(06)
Mensaje D / 00:00:20:000 / memory(06) / 00:00:03:000 para top(01)
Mensaje D / 00:00:20:000 / top(01) / 00:00:03:000 para Root(00)
Mensaje * / 00:00:23:000 / Root(00) para top(01)
Mensaje * / 00:00:23:000 / top(01) para memory(06)
Mensaje Y / 00:00:23:000 / memory(06) / tempout /     25.00000 para top(01)
Mensaje Y / 00:00:23:000 / memory(06) / humidout /      0.00000 para top(01)
Mensaje D / 00:00:23:000 / memory(06) / ... para top(01)
Mensaje X / 00:00:23:000 / top(01) / in2 /     25.00000 para sc(02)
Mensaje X / 00:00:23:000 / top(01) / in3 /      0.00000 para sc(02)
Mensaje X / 00:00:23:000 / sc(02) / tempsetting /     25.00000 para ct(03)
Mensaje X / 00:00:23:000 / sc(02) / humiditysetting /      0.00000 para ch(05)
Mensaje D / 00:00:23:000 / ct(03) / 00:00:03:000 para sc(02)
Mensaje D / 00:00:23:000 / ch(05) / ... para sc(02)
Mensaje D / 00:00:23:000 / sc(02) / 00:00:03:000 para top(01)
Mensaje D / 00:00:23:000 / sc(02) / 00:00:03:000 para top(01)
Mensaje D / 00:00:23:000 / top(01) / 00:00:03:000 para Root(00)
Mensaje * / 00:00:26:000 / Root(00) para top(01)
Mensaje * / 00:00:26:000 / top(01) para sc(02)
Mensaje * / 00:00:26:000 / sc(02) para ct(03)
Mensaje Y / 00:00:26:000 / ct(03) / tempdiff /     -2.00000 para sc(02)
Mensaje D / 00:00:26:000 / ct(03) / ... para sc(02)
Mensaje X / 00:00:26:000 / sc(02) / tempdiff1 /     -2.00000 para pp(04)
Mensaje D / 00:00:26:000 / pp(04) / 00:00:03:000 para sc(02)
Mensaje D / 00:00:26:000 / sc(02) / 00:00:03:000 para top(01)
Mensaje D / 00:00:26:000 / top(01) / 00:00:03:000 para Root(00)
Mensaje * / 00:00:29:000 / Root(00) para top(01)
Mensaje * / 00:00:29:000 / top(01) para sc(02)
Mensaje * / 00:00:29:000 / sc(02) para pp(04)
Mensaje Y / 00:00:29:000 / pp(04) / port1 /      0.00000 para sc(02)
Mensaje Y / 00:00:29:000 / pp(04) / port2 /      2.00000 para sc(02)
Mensaje D / 00:00:29:000 / pp(04) / ... para sc(02)
Mensaje Y / 00:00:29:000 / sc(02) / sport1 /      0.00000 para top(01)
Mensaje Y / 00:00:29:000 / sc(02) / sport2 /      2.00000 para top(01)
Mensaje D / 00:00:29:000 / sc(02) / ... para top(01)
Mensaje Y / 00:00:29:000 / top(01) / tport1 /      0.00000 para Root(00)
Mensaje Y / 00:00:29:000 / top(01) / tport2 /      2.00000 para Root(00)
Mensaje D / 00:00:29:000 / top(01) / ... para Root(00)
Mensaje X / 00:00:30:000 / Root(00) / humidin1 /     57.00000 para top(01)
Mensaje X / 00:00:30:000 / top(01) / humidin /     57.00000 para memory(06)
Mensaje D / 00:00:30:000 / memory(06) / 00:00:03:000 para top(01)
Mensaje D / 00:00:30:000 / top(01) / 00:00:03:000 para Root(00)
Mensaje * / 00:00:33:000 / Root(00) para top(01)
Mensaje * / 00:00:33:000 / top(01) para memory(06)
Mensaje Y / 00:00:33:000 / memory(06) / tempout /     25.00000 para top(01)
Mensaje Y / 00:00:33:000 / memory(06) / humidout /     57.00000 para top(01)
Mensaje D / 00:00:33:000 / memory(06) / ... para top(01)
Mensaje X / 00:00:33:000 / top(01) / in2 /     25.00000 para sc(02)
Mensaje X / 00:00:33:000 / top(01) / in3 /     57.00000 para sc(02)
Mensaje X / 00:00:33:000 / sc(02) / tempsetting /     25.00000 para ct(03)
Mensaje X / 00:00:33:000 / sc(02) / humiditysetting /     57.00000 para ch(05)
Mensaje D / 00:00:33:000 / ct(03) / 00:00:03:000 para sc(02)
Mensaje D / 00:00:33:000 / ch(05) / ... para sc(02)
Mensaje D / 00:00:33:000 / sc(02) / 00:00:03:000 para top(01)
Mensaje D / 00:00:33:000 / sc(02) / 00:00:03:000 para top(01)
Mensaje D / 00:00:33:000 / top(01) / 00:00:03:000 para Root(00)
Mensaje * / 00:00:36:000 / Root(00) para top(01)
Mensaje * / 00:00:36:000 / top(01) para sc(02)
Mensaje * / 00:00:36:000 / sc(02) para ct(03)
Mensaje Y / 00:00:36:000 / ct(03) / tempdiff /     -2.00000 para sc(02)
Mensaje D / 00:00:36:000 / ct(03) / ... para sc(02)
Mensaje X / 00:00:36:000 / sc(02) / tempdiff1 /     -2.00000 para pp(04)
Mensaje D / 00:00:36:000 / pp(04) / 00:00:03:000 para sc(02)
Mensaje D / 00:00:36:000 / sc(02) / 00:00:03:000 para top(01)
Mensaje D / 00:00:36:000 / top(01) / 00:00:03:000 para Root(00)
Mensaje * / 00:00:39:000 / Root(00) para top(01)
Mensaje * / 00:00:39:000 / top(01) para sc(02)
Mensaje * / 00:00:39:000 / sc(02) para pp(04)
Mensaje Y / 00:00:39:000 / pp(04) / port1 /      0.00000 para sc(02)
Mensaje Y / 00:00:39:000 / pp(04) / port2 /      2.00000 para sc(02)
Mensaje D / 00:00:39:000 / pp(04) / ... para sc(02)
Mensaje Y / 00:00:39:000 / sc(02) / sport1 /      0.00000 para top(01)
Mensaje Y / 00:00:39:000 / sc(02) / sport2 /      2.00000 para top(01)
Mensaje D / 00:00:39:000 / sc(02) / ... para top(01)
Mensaje Y / 00:00:39:000 / top(01) / tport1 /      0.00000 para Root(00)
Mensaje Y / 00:00:39:000 / top(01) / tport2 /      2.00000 para Root(00)
Mensaje D / 00:00:39:000 / top(01) / ... para Root(00)
Mensaje X / 00:00:40:000 / Root(00) / hsensor /     55.00000 para top(01)
Mensaje X / 00:00:40:000 / top(01) / in4 /     55.00000 para sc(02)
Mensaje X / 00:00:40:000 / sc(02) / humiditysensor /     55.00000 para ch(05)
Mensaje D / 00:00:40:000 / ch(05) / 00:00:03:000 para sc(02)
Mensaje D / 00:00:40:000 / sc(02) / 00:00:03:000 para top(01)
Mensaje D / 00:00:40:000 / top(01) / 00:00:03:000 para Root(00)
Mensaje * / 00:00:43:000 / Root(00) para top(01)
Mensaje * / 00:00:43:000 / top(01) para sc(02)
Mensaje * / 00:00:43:000 / sc(02) para ch(05)
Mensaje Y / 00:00:43:000 / ch(05) / humiddiff /     -2.00000 para sc(02)
Mensaje D / 00:00:43:000 / ch(05) / ... para sc(02)
Mensaje X / 00:00:43:000 / sc(02) / humiddiff1 /     -2.00000 para pp(04)
Mensaje D / 00:00:43:000 / pp(04) / 00:00:03:000 para sc(02)
Mensaje D / 00:00:43:000 / sc(02) / 00:00:03:000 para top(01)
Mensaje D / 00:00:43:000 / top(01) / 00:00:03:000 para Root(00)
Mensaje * / 00:00:46:000 / Root(00) para top(01)
Mensaje * / 00:00:46:000 / top(01) para sc(02)
Mensaje * / 00:00:46:000 / sc(02) para pp(04)
Mensaje Y / 00:00:46:000 / pp(04) / port1 /      0.00000 para sc(02)
Mensaje Y / 00:00:46:000 / pp(04) / port2 /      0.00000 para sc(02)
Mensaje D / 00:00:46:000 / pp(04) / ... para sc(02)
Mensaje Y / 00:00:46:000 / sc(02) / sport1 /      0.00000 para top(01)
Mensaje Y / 00:00:46:000 / sc(02) / sport2 /      0.00000 para top(01)
Mensaje D / 00:00:46:000 / sc(02) / ... para top(01)
Mensaje Y / 00:00:46:000 / top(01) / tport1 /      0.00000 para Root(00)
Mensaje Y / 00:00:46:000 / top(01) / tport2 /      0.00000 para Root(00)
Mensaje D / 00:00:46:000 / top(01) / ... para Root(00)
